323,1,A  45  year  male  patient  from  Kancheepuram,  has  tested positive for COVID-19 on 07.03.2020. He had travelled from oman to Chennai airport on 28.02.2020.(No. of contacts – Primary 4). 
323,2,A 25 year old male patient from Chennai, has tested positive for  COVID-19  on  18.03.2020.  He  had  travelled  from  Delhi  railway  station  to Chennai MGR central railway station on 12.03.2020.(No. of Contacts - Primary 7). 
323,3,A 21 year old male patient from Chennai, has tested positive for COVID-19 on 20.03.2020. He had travelled from Ireland to Chennai airport on 17.03.2020. (No. of Contacts – Primary 3). 
323,4,A  65  year  old  male  from  Chennai,  has  tested  positive  for COVID-19 on 21.03.2020. He had travelled from New Zealand to Singapore to Chennai airport on 15.03.2020. (No. of Contact – Primary 20 )  
323,9,A  64  year  old  female  from  Chennai,  has  tested  positive  for COVID-19  on  22.03.2020.  She  had  travelled  from  USA  via  Singapore  to Chennai airport on 20.03.2020. (No. of Contact – Primary-1 )
324,10,A  25  year  old  male  from  Chennai,  has  tested  positive  for COVID-19  on  23.03.2020.  He  had  travelled  from  London-  Bangalore  airport then to Chennai via car on 14.03.2020 (No. of Contact -23) 
324,13,A  74  year  old  male  from  porur  has  tested  positive  for COVID-19  on  24.03.2020.    He  had  travelled  from  USA  to  Chennai  via Singapore on 12.03.2020. (No. of Contact -108)  
324,14,A  52  year  old  female  from  Purasaiwakam,  Chennai  has tested  positive  for  COVID-19  on  24.03.2020.    She  had  travelled  from  USA  to Chennai via London on 17.03.2020. (No. of Contact -149) 
325,16,A  65  year  old  male  from  Kotturpuram,  with  co-morbid conditions,  has  tested  positive  for  COVID-19  on  24.03.2020.  He  had  travelled from New Zealand to Chennai airport. (No. of Contacts -77). Isolated at Private Hospital. 
325,17,A  55  year  old  female  from  Saidapet,  has  tested  positive  for COVID-19 on 24.03.2020. (No. of Contacts -18). Isolated at KMCH, Chennai. 
325,18,A 25 year old male, Alandur, tested positive on 24.03.2020. He  had  travelled  from  London  to  Bangalore  airport.  (No.  of  Contacts  -51). Isolated at RGGGH, Chennai. 
325,23,63 yr old male Indian native of Chennai, travel Guide of case 19  to  22  travelled  along  with  them,  tested  positive  on  25.03.2020.  Patient  is stable. Isolated at Govt Salem Medical College Hospital. District  level  disaster  management  control  room  are  activated  with
326,23,63 yr old male Indian native of Chennai, travel Guide of case 19  to  22  travelled  along  with  them,  tested  positive  on  25.03.2020.  Patient  is stable. Isolated at Govt Salem Medical College Hospital. 
326,28,24 Year, Male, Chennai, returned from London, admitted in KMCH, Chennai tested positive on 26.3.2020 
326,29,65, Female, Chennai, contact of case 28, admitted in KMCH, Chennai tested positive on 26.3.2020 District Wise Report of passengers on follow-up for 28-day period for COVID-19
327,1,A 45-year male patient from Kancheepuram, has tested positive for COVID-19  on  07.03.2020.  He  had  travelled  from  Oman  to  Chennai  airport  on 28.02.2020.(No. of contacts – 40). 
327,2,A  25-year-old  male  patient  from  Chennai,  has  tested  positive  for COVID-19  on  18.03.2020.  He  had  travelled  from  Delhi  railway  station  to Chennai MGR central railway station on 12.03.2020.(No. of Contacts –163). 
327,3,A  21-year-old  male  patient  from  Chennai,  has  tested  positive  for COVID-19 on 20.03.2020. He had travelled from Ireland to Chennai airport on 17.03.2020. (No. of Contacts – 95). 
327,4,A 65-year-old male from Chennai, has tested positive for COVID-19 on  21.03.2020.  He  had  travelled  from  New  Zealand  to  Singapore  to  Chennai airport on 15.03.2020. (No. of Contact – 93) 
327,9,A 64-year-old female from Chennai, has tested positive for COVID- 19  on  22.03.2020.  She  had  travelled  from  USA  via  Singapore  to  Chennai airport on 20.03.2020. (No. of Contacts - 109) 
327,10,A  25-year-old  male  from  Chennai,  has  tested  positive  for  COVID- 19  on  23.03.2020.  He  had  travelled  from  London-  Bangalore  airport  then  to Chennai via car (No. of Contact -53) 
327,13,A 74-year-old Male from Porur has tested positive for COVID-19 on 24.03.2020.    He  had  travelled  from  USA  to  Chennai  via  Singapore  (No.  of Contact -108) 
327,14,A  52-year-old  female  from  Purasaiwakam,  Chennai  has  tested positive for COVID-19 on 24.03.2020.  She had travelled from USA to Chennai via London (No. of Contact -149) 
327,16,A 65-year-old male from Kotturpuram, with co-morbid conditions, has  tested  positive  for  COVID-19  on  24.03.2020.  He  had  travelled  from  New Zealand to Chennai airport. (No. of Contacts -79). Isolated at Private Hospital. 
327,17,A 55-year-old female from Saidapet, has tested positive for COVID- 19 on 24.03.2020. (No. of Contacts -19). Isolated at KMCH, Chennai. 
327,18,A  25-year-old  male,  Alandur,  tested  positive  on  24.03.2020.  He had travelled from London to Bangalore airport. (No. of Contacts -34). Isolated at RGGGH, Chennai. 
327,23,63-year-old male Indian native of Chennai, travel Guide of case 19  to  22  travelled  along  with  them,  tested  positive  on  25.03.2020.  Patient  is stable. Isolated at Govt Salem Medical College Hospital. 
327,28,24 Year, Male, Chennai, returned from London, admitted in KMCH, Chennai tested positive on 26.3.2020 
327,29,65, Female, Chennai, contact of case 28, admitted in KMCH, Chennai tested positive on 26.3.2020 
327,30,25, Female, local resident of Chennai, admitted in Ariyalur Government Hospital reported positive. 
327,33,23 yr old male, 1 close contact of US return (case number 14) at Kilpauk Medical College Hospital, Chennai reported positive. 
327,38,39-year-old Male from Anna Nagar, Chennai, admitted in KMCH Chennai, reported positive.
329,1,A 45-year male patient from Kancheepuram, has tested positive for  COVID-19  on  07.03.2020.  He  had  travelled  from  Oman  to  Chennai airport on 28.02.2020.(No. of contacts – 40). 
329,2,A  25-year-old  male  patient from  Chennai,  has  tested positive  for  COVID-19    on    18.03.2020.    He    had    travelled    from    Delhi railway to  Chennai  MGR  central  railway  station  on 
329,3,A  21-year-old  male  patient from  Chennai,  has  tested positive  for  COVID-19  on  20.03.2020.  He  had  travelled  from  Ireland  to Chennai airport on 17.03.2020. (No. of Contacts – 95). 
329,4,A  65-year-old  male  from  Chennai,  has  tested  positive  for COVID-19 on 21.03.2020. He had travelled from New Zealand to Singapore to Chennai airport on 15.03.2020. (No. of Contact – 93) 
329,9,A  64-year-old  female  from  Chennai,  has  tested  positive  for COVID-19  on  22.03.2020.  She  had  travelled  from  USA  via  Singapore to  Chennai airport on 20.03.2020. (No. of Contacts - 108) 
329,10,A  25-year-old  male  from  Chennai,  has  tested  positive  for COVID-  19  on  23.03.2020.  He  had  travelled  from  London-  Bangalore airport  then  to Chennai via car (No. of Contact -50) 
329,13,A 74-year-old Male from Porur has tested positive for COVID- 19 on 24.03.2020.      He  had  travelled  from  USA  to  Chennai  via  Singapore (No.  of Contact -108) 
329,14,A 52-year-old female from Purasaiwakam, Chennai has tested positive  for  COVID-19  on  24.03.2020.    She  had  travelled  from  USA  to Chennai via London (No. of Contact -149) 
329,16,A  65-year-old  male  from  Kotturpuram,  with  co-morbid conditions,  has  tested  positive  for  COVID-19  on  24.03.2020.  He  had travelled  from  New  Zealand  to  Chennai  airport.  (No.  of  Contacts  -79). Isolated at Private Hospital.  
329,17,A  55-year-old  female  from  Saidapet,  has  tested  positive  for COVID- 19  on  24.03.2020.  (No.  of  Contacts  -19).  Isolated  at  KMCH, Chennai. 
329,18,A  25-year-old  male,  Alandur, tested  positive  on 24.03.2020.  He  had  travelled  from  London  to  Bangalore  airport.  (No.  of Contacts -34). Isolated at RGGGH, Chennai. 
329,23,63-year-old  male  Indian  native  of  Chennai,  travel  Guide  of case  19  to  22  travelled  along  with  them,  tested  positive  on  25.03.2020. Patient is stable. Isolated at Govt Salem Medical College Hospital. 
329,28,24 Year, Male, Chennai, returned from London, admitted in KMCH, Chennai tested positive on 26.3.2020 
329,29,65,  Female,  Chennai,  contact  of  case  28,  admitted  in KMCH, Chennai tested positive on 26.3.2020  
329,33,23 yr old male, 1 close contact of US return (case number 14) at  Kilpauk  Medical  College  Hospital,  Chennai  reported  positive  on 27.03.2020 (No. of Contacts – 1). 
329,38,39-year-old  Male  from  Anna  Nagar,  Chennai,  admitted  in KMCH Chennai, reported positive on 27.03.2020 (No. of Contacts – 10). 
329,42,25  year  old  ,  male  from  west  mambalam,  Chennai  with travel  history  to  US.  Admitted  in  Global  hospital  reported  positive  on 28.03.2020 (No. of Contacts – 89). 
330,1,45,M,"Kanchipurum",Indian,Oman,"RGGGH, Chennai",Discharged
330,2,20,M,Chennai,Indian,Delhi,"RGGGH, Chennai",Discharged
330,3,21,M,Chennai,Indian,Ireland,"RGGGH, Chennai",Discharged
330,4,65,M,Chennai,Indian,"New Zealand","Private Hospital",In admission
330,8,64,F,Chennai,Indian,USA,Stanley MCH,Discharged
330,10,22,M,Chennai,Indian,UK,"RGGGH, Chennai",In admission
330,13,70,M,Chennai,Indian,USA,Stanley MCH,Discharged
330,14,52,F,Chennai,Indian,USA,Stanley MCH,In admission
330,16,65,M,Chennai,Indian,"New Zealand","Private Hospital",In admission
330,17,55,F,Chennai,Indian,Nil,"Kilpauk Medical College",In admission
330,18,25,M,Chennai,Indian,"United Kingdom","RGGGH,Chennai",In admission
330,24,18,M,Chennai,Indian,Nil,"RGGGH, Chennai",In admission
330,28,24,M,Chennai,Indian,UK,"Kilpauk Medical College",In admission
330,29,70,F,Chennai,Indian,Nil,"Kilpauk Medical College",In admission
330,30,25,F,Chennai,Indian,Nil,"Kilpauk Medical College",In admission
330,33,22,M,Chennai,Indian,Nil,"Kilpauk Medical College",In admission
330,36,73,F,Chengalpattu,Indian,Nil,"RGGGH, Chennai",In admission
330,38,39,M,Chennai,Indian,Nil,"Kilpauk Medical College",In admission
330,42,25,M,Chennai,Indian,USA,"Private Hospital",In admission
330,52,52,F,Chennai,Indian,Nil,"Private Hospital",In admission
330,53,76,F,Chennai,Indian,Nil,"Private Hospital",In admission
330,54,15,F,Chennai,Indian,Nil,"Private Hospital",In admission
330,55,20,M,Chennai,Indian,Nil,"Private Hospital",In admission
330,56,50,F,Chennai,Indian,Nil,"RGGGH, Chennai",In admission
331,121-124,4 persons from Chennai, admitted in RGGGH and Private Hospitals reported positive
401,178,54,M,Chennai,Chennai,Indian
402,263,One male person from Chennai, who is a contact of COVID-19 positive patient, reported positive. 
402,264-282,Nineteen male persons from Chennai, who have travel history to Delhi, reported positive. 
403,310,One person from Chennai, who have history of contact with Delhi Conference attendees, reported positive. 
403,311,One person from Chennai, who have travel history to US, reported positive. 
403,312,One person from Chennai, with co-morbid condition, reported positive. 
403,313-344,Thirty two persons from Chennai, who have travel history to Delhi, reported positive. 
404,412,One Female person from Chennai, who is a contact of COVID-19 positive patient, reported positive. 
404,414-418,Five male persons from Chennai, who have travel history to Delhi, reported positive. 
405,489-494,Six male persons from Chennai, who have travel history to Delhi, reported positive. 
405,495,One  male  person  from  Chennai,  reported positive. 
406,572-580,Nine  persons  (Five  Female  and  Four male)  from  Chennai,  who  are  contacts  of  COVID-19 Positive patient, reported positive. 
406,581-583,Three  male  persons  from  Chennai, who have travel history to Delhi, reported positive. 
406,584-585,Two  male  persons  from  Chennai, reported positive. 
406,621,One  female  person  from  Chennai,  reported positive
407,650-688,Thirty  nine  persons  (Twenty  two females  and  seventeen  males)  from  Chennai,  reported positive. 
408,691-697,Seven  persons  (Three  Female  and Four male) from Chennai, reported positive. 
409,743-749,Seven  persons  (One  female  and  Six males) from Chennai, reported positive. 
410,847-855,Nine  persons  (Four  females  and  Five males) from Chennai, reported positive. 
411,913-922,Ten persons (Three females and Seven males) from Chennai, reported positive. 
412,972-989,Eighteen  persons  (4  primary  and  14 contacts) from Chennai, reported positive. 
413,1078-1086,Nine  persons  (all  contacts)    from Chennai, reported positive. 
414,1174-1178,Five  persons  (all  contacts)  from Chennai, reported positive. 
415,1208-1211,Four persons (One primary and One contact)  from Chennai, reported positive. 
415,1242,One  person  (contact)  from  Chennai,  reported positive
416,1264-1266,Three  persons  (Two  contacts  and  one primary) from Chennai, reported positive. 
417,1268-1278,Eleven  persons  (One  Primary  and Ten contacts) from Chennai, reported positive. 
418,1324-1330,Seven  persons  (all  contacts)  from Chennai, reported positive. 
419,1376-1425,Fifty persons (Ten Primary and Forty contact)  from Chennai, reported positive. 
420,1480-1497,Eighteen persons  (Five Primary and Thirteen Contacts) from Chennai, reported positive. 
421,1524-1578,Fifty five persons  (Two Primary and Fifty three contacts) from Chennai, reported positive. 
422,1524-1578,Fifty five persons  (Two Primary and Fifty three contacts) from Chennai, reported positive. 
422,1599,40,Female,Chennai,Contact
422,1600,16,Female,Chennai,Contact
422,1601,66,Male,Chennai,Contact
422,1602,24,Male,Chennai,Contact
422,1603,26,Male,Chennai,Contact
422,1604,34,Female,Chennai,Contact
422,1605,43,Male,Chennai,Contact
422,1606,55,Male,Chennai,Contact
422,1607,32,Male,Chennai,Contact
422,1608,32,Female,Chennai,Contact
422,1609,42,Male,Chennai,Contact
422,1610,24,Male,Chennai,Contact
422,1611,28,Male,Chennai,Contact
422,1612,35,Male,Chennai,Contact
422,1613,32,Male,Chennai,Contact
423,1631,46,Male,Chennai,Primary*
423,1632,46,Male,Chennai,Primary*
423,1633,3,Female,Chennai,Contact
423,1634,28,Female,Chennai,Contact
423,1635,65,Female,Chennai,Contact
423,1636,42,Female,Chennai,Contact
423,1637,24,Female,Chennai,Contact
423,1638,88,Male,Chennai,Primary*
423,1639,34,Male,Chennai,Primary*
423,1640,50,Male,Chennai,Contact
423,1641,26,Female,Chennai,Contact
423,1642,19,Female,Chennai,Contact
423,1643,17,Female,Chennai,Contact
423,1644,5,Male,Chennai,Contact
423,1645,30,Male,Chennai,Contact
423,1646,7,Male,Chennai,Contact
423,1647,33,Male,Chennai,Contact
423,1648,25,Female,Chennai,Contact
423,1649,27,Female,Chennai,Contact
423,1650,58,Male,Chennai,Contact
423,1651,4,Male,Chennai,Contact
423,1652,38,Male,Chennai,Contact
423,1653,44,Male,Chennai,Contact
423,1654,39,Male,Chennai,Primary*
423,1655,47,Female,Chennai,Primary*
423,1656,40,Female,Chennai,Contact
423,1657,34,Female,Chennai,Contact
424,1684,55,Female,Chennai,Contact
424,1685,32,Male,Chennai,Contact
424,1686,65,Female,Chennai,Contact
424,1687,17,Female,Chennai,Contact
424,1688,22,Male,Chennai,Contact
424,1689,41,Female,Chennai,Contact
424,1690,65,Male,Chennai,Contact
424,1691,35,Female,Chennai,Contact
424,1692,14,Female,Chennai,Contact
424,1693,12,Male,Chennai,Contact
424,1694,98,Male,Chennai,Contact
424,1695,40,Male,Chennai,Contact
424,1696,29,Female,Chennai,Contact
424,1697,38,Male,Chennai,Primary*
424,1698,15,Male,Chennai,Contact
424,1699,30,Male,Chennai,Contact
424,1700,25,Male,Chennai,Contact
424,1701,11,Female,Chennai,Primary*
424,1702,57,Male,Chennai,Contact
424,1703,75,Female,Chennai,Contact
424,1704,20,Female,Chennai,Contact
424,1705,45,Male,Chennai,Contact
424,1706,17,Male,Chennai,Contact
424,1707,19,Male,Chennai,Contact
424,1708,15,Female,Chennai,Contact
424,1709,22,Male,Chennai,Primary*
424,1710,21,Female,Chennai,Contact
424,1711,29,Male,Chennai,Contact
424,1712,32,Male,Chennai,Contact
424,1713,52,Female,Chennai,Contact
424,1714,38,Male,Chennai,Contact
424,1715,35,Female,Chennai,Contact
424,1716,32,Male,Chennai,Contact
424,1717,58,Male,Chennai,Contact
424,1718,32,Male,Chennai,Contact
424,1719,22,Male,Chennai,Primary*
424,1720,50,Male,Chennai,Contact
424,1721,29,Male,Chennai,Contact
424,1722,39,Male,Chennai,Contact
424,1723,21,Male,Chennai,Contact
424,1724,49,Male,Chennai,Contact
424,1725,72,Female,Chennai,Contact
424,1726,44,Female,Chennai,Contact
424,1727,58,Male,Chennai,Contact
424,1728,67,Male,Chennai,Primary*
424,1729,43,Male,Chennai,Primary*
424,1730,66,Male,Chennai,Primary*
424,1731,45,Male,Chennai,Primary*
424,1732,24,Male,Chennai,Contact
424,1733,58,Male,Chennai,Primary*
424,1734,46,Female,Chennai,Contact
424,1735,30,Male,Chennai,Contact
425,1757,60,Male,Chennai,Contact*
425,1758,64,Male,Chennai,Contact*
425,1759,64,Male,Chennai,Contact*
425,1760,4,Male,Chennai,Contact
425,1761,40,Male,Chennai,Contact
425,1762,21,Male,Chennai,Contact
425,1763,8,Male,Chennai,Contact
425,1764,47,Female,Chennai,Contact
425,1765,46,Male,Chennai,Contact
425,1766,32,Male,Chennai,Contact
425,1767,48,Male,Chennai,Contact
425,1768,64,Female,Chennai,Contact
425,1769,24,Male,Chennai,Primary*
425,1770,48,Male,Chennai,Contact*
425,1771,19,Male,Chennai,Contact
425,1772,16,Female,Chennai,Contact
425,1773,24,Female,Chennai,Contact
425,1774,33,Male,Chennai,Contact
425,1775,32,Female,Chennai,Contact
425,1776,10,Female,Chennai,Contact
425,1777,51,Male,Chennai,Contact
425,1778,45,Female,Chennai,Contact
425,1779,7,Female,Chennai,Contact
425,1780,28,Female,Chennai,Contact
425,1781,27,Female,Chennai,Contact
425,1782,2,Female,Chennai,Contact
425,1783,48,Female,Chennai,Contact
425,1784,28,Male,Chennai,Contact
425,1785,36,Female,Chennai,Contact
425,1786,38,Male,Chennai,Contact*
425,1787,27,Female,Chennai,Contact*
425,1788,45,Female,Chennai,Contact*
425,1789,61,Male,Chennai,Primary*
425,1790,41,Female,Chennai,Contact
425,1791,72,Male,Chennai,Contact
425,1792,23,Female,Chennai,Contact
425,1793,45,Female,Chennai,Contact
425,1795,25,Female,Chennai,Contact
425,1796,17,Female,Chennai,Contact
425,1797,15,Male,Chennai,Contact
425,1798,49,Male,Chennai,Contact*
425,1799,52,Male,Chennai,Contact*
426,1822,23,Male,Chennai,Contact
426,1823,26,Female,Chennai,Contact
426,1824,57,Female,Chennai,Contact
426,1825,27,Female,Chennai,Contact
426,1826,36,Male,Chennai,Contact
426,1827,24,Male,Chennai,Contact
426,1828,22,Male,Chennai,Contact
426,1829,39,Female,Chennai,Contact
426,1830,9,Male,Chennai,Contact
426,1831,44,Male,Chennai,Contact
426,1832,17,Male,Chennai,Contact
426,1833,68,Female,Chennai,Contact
426,1834,13,Female,Chennai,Contact
426,1835,39,Female,Chennai,Contact
426,1836,60,Female,Chennai,Primary*
426,1837,29,Male,Chennai,Primary*
426,1838,47,Male,Chennai,Primary*
426,1839,42,Male,Chennai,Primary*
426,1840,65,Male,Chennai,Contact
426,1841,34,Male,Chennai,Contact
426,1842,68,Male,Chennai,Contact
426,1843,55,Male,Chennai,Contact
426,1844,27,Female,Chennai,Contact
426,1845,24,Female,Chennai,Contact
426,1846,52,Male,Chennai,Contact
426,1847,25,Male,Chennai,Contact
426,1848,51,Male,Chennai,Primary*
426,1849,56,Male,Chennai,Contact*
427,1886,32,Male,Chennai,Contact
427,1887,41,Male,Chennai,Contact
427,1888,36,Male,Chennai,Contact
427,1889,25,Male,Chennai,Contact
427,1890,54,Female,Chennai,Contact
427,1891,39,Male,Chennai,Contact
427,1892,46,Male,Chennai,Contact
427,1893,19,Male,Chennai,Contact
427,1894,38,Female,Chennai,Contact
427,1895,21,Female,Chennai,Contact
427,1896,30,Male,Chennai,Contact
427,1897,42,Female,Chennai,Contact
427,1898,65,Female,Chennai,Contact
427,1899,30,Female,Chennai,Contact
427,1900,63,Female,Chennai,Primary*
427,1901,25,Male,Chennai,Contact
427,1902,42,Male,Chennai,Contact
427,1903,58,Female,Chennai,Contact
427,1904,46,Male,Chennai,Contact
427,1905,45,Male,Chennai,Primary*
427,1906,38,Male,Chennai,Contact
427,1907,28,Male,Chennai,Contact
427,1908,24,Female,Chennai,Primary*
427,1909,38,Male,Chennai,Contact
427,1910,41,Male,Chennai,Contact
427,1911,29,Female,Chennai,Contact
427,1912,48,Female,Chennai,Contact
427,1913,46,Male,Chennai,Contact
427,1914,44,Female,Chennai,Contact
427,1915,25,Male,Chennai,Contact
427,1916,21,Male,Chennai,Contact
427,1917,38,Male,Chennai,Contact
427,1918,65,Male,Chennai,Contact
427,1919,25,Female,Chennai,Contact
427,1920,37,Female,Chennai,Contact
427,1921,13,Male,Chennai,Contact
427,1922,21,Male,Chennai,Contact
427,1923,43,Female,Chennai,Contact
427,1924,65,Female,Chennai,Contact
427,1925,26,Male,Chennai,Contact
427,1926,21,Male,Chennai,Contact
427,1927,17,Male,Chennai,Contact
427,1928,28,Male,Chennai,Primary*
427,1929,24,Male,Chennai,Contact
427,1930,16,Male,Chennai,Contact
427,1931,35,Male,Chennai,Contact
427,1936,40,Male,Chennai,Contact
428,1950,51,Male,Chennai,Contact
428,1951,56,Male,Chennai,Contact
428,1952,28,Male,Chennai,Contact
428,1953,69,Male,Chennai,Contact
428,1954,21,Male,Chennai,Contact
428,1955,15,Female,Chennai,Contact
428,1956,27,Male,Chennai,Contact
428,1957,18,Male,Chennai,Contact
428,1958,23,Male,Chennai,Contact
428,1959,21,Male,Chennai,Contact
428,1960,38,Male,Chennai,Contact
428,1961,54,Male,Chennai,Contact
428,1962,40,Male,Chennai,Contact
428,1963,39,Male,Chennai,Contact
428,1964,26,Male,Chennai,Contact
428,1965,34,Female,Chennai,Contact
428,1966,41,Male,Chennai,Contact
428,1967,9,Male,Chennai,Contact
428,1968,57,Female,Chennai,Contact
428,1969,29,Male,Chennai,Contact
428,1970,57,Male,Chennai,Contact
428,1971,45,Male,Chennai,Contact
428,1972,35,Male,Chennai,Contact*
428,1973,37,Male,Chennai,Contact*
428,1974,28,Male,Chennai,Contact*
428,1975,48,Male,Chennai,Contact*
428,1976,46,Female,Chennai,Contact*
428,1977,52,Male,Chennai,Contact
428,1978,34,Female,Chennai,Primary*
428,1979,31,Male,Chennai,Primary*
428,1980,29,Female,Chennai,Primary*
428,1981,31,Female,Chennai,Primary*
428,1982,64,Male,Chennai,Contact
428,1983,39,Male,Chennai,Contact
428,1984,34,Male,Chennai,Contact
428,1985,62,Male,Chennai,Contact
428,1986,63,Male,Chennai,Contact
428,1987,26,Male,Chennai,Contact
428,1988,16,Male,Chennai,Contact
428,1989,38,Female,Chennai,Contact
428,1990,49,Female,Chennai,Contact
428,1991,30,Male,Chennai,Contact
428,1992,40,Male,Chennai,Contact
428,1993,42,Female,Chennai,Contact
428,1994,16,Male,Chennai,Contact
428,1995,20,Male,Chennai,Contact
428,1996,39,Male,Chennai,Contact*
428,1997,25,Female,Chennai,Contact*
428,1998,74,Female,Chennai,Contact*
428,1999,30,Male,Chennai,Contact
428,2000,54,Female,Chennai,Contact
428,2001,34,Female,Chennai,Contact
428,2002,8,Female,Chennai,Contact
428,2003,1,Male,Chennai,Contact
428,2004,50,Female,Chennai,Contact
428,2005,22,Female,Chennai,Contact
428,2006,0.7,Male,Chennai,Contact
428,2007,43,Female,Chennai,Contact
428,2008,33,Male,Chennai,Contact
428,2009,17,Female,Chennai,Contact
428,2010,48,Male,Chennai,Contact
428,2011,35,Male,Chennai,Contact
428,2012,31,Male,Chennai,Contact
428,2013,52,Male,Chennai,Primary*
428,2014,26,Male,Chennai,Contact
428,2015,11,Male,Chennai,Contact*
428,2016,48,Male,Chennai,Contact
428,2017,33,Male,Chennai,Contact*
428,2018,2,Female,Chennai,Contact
428,2019,41,Female,Chennai,Contact
428,2020,47,Female,Chennai,Contact*
428,2021,51,Male,Chennai,Contact
428,2022,20,Male,Chennai,Contact
428,2023,49,Female,Chennai,Contact
428,2024,19,Female,Chennai,Contact
428,2025,49,Male,Chennai,Contact
428,2026,39,Male,Chennai,Contact
428,2027,57,Male,Chennai,Contact*
428,2028,29,Male,Chennai,Contact*
428,2029,19,Male,Chennai,Contact
428,2030,56,Female,Chennai,Contact
428,2031,28,Female,Chennai,Contact
428,2032,50,Male,Chennai,Contact
428,2033,65,Male,Chennai,Primary*
428,2034,28,Male,Chennai,Primary*
428,2035,26,Male,Chennai,Contact*
428,2036,40,Male,Chennai,Contact*
428,2037,27,Male,Chennai,Primary*
428,2038,12,Female,Chennai,Contact*
428,2039,76,Female,Chennai,Primary*
428,2040,34,Male,Chennai,Primary*
428,2041,31,Male,Chennai,Contact*
428,2042,65,Female,Chennai,Contact
428,2043,21,Female,Chennai,Contact
428,2044,71,Male,Chennai,Primary*
428,2045,39,Male,Chennai,Contact
428,2046,67,Female,Chennai,Primary*
428,2047,21,Male,Chennai,Contact
428,2048,24,Male,Chennai,Contact
428,2049,16,Male,Chennai,Contact*
428,2050,83,Male,Chennai,Contact*
428,2051,80,Female,Chennai,Contact*
428,2058,68,Male,Chennai,Primary*
429,2063,29,Male,Chennai,Primary*
429,2064,54,Male,Chennai,Primary*
429,2065,27,Female,Chennai,Primary*
429,2066,20,Male,Chennai,Contact
429,2067,6,Male,Chennai,Contact
429,2068,45,Female,Chennai,Contact
429,2069,18,Female,Chennai,Contact
429,2070,37,Female,Chennai,Contact
429,2071,4,Male,Chennai,Contact
429,2072,3,Female,Chennai,Contact
429,2073,53,Male,Chennai,Contact
429,2074,54,Male,Chennai,Contact
429,2075,43,Male,Chennai,Contact
429,2076,49,Male,Chennai,Contact
429,2077,38,Male,Chennai,Contact
429,2078,37,Female,Chennai,Contact
429,2079,17,Male,Chennai,Contact
429,2080,2,Female,Chennai,Contact
429,2081,53,Male,Chennai,Primary*
429,2082,42,Male,Chennai,Primary*
429,2083,42,Male,Chennai,Primary*
429,2084,35,Male,Chennai,Primary*
429,2085,18,Male,Chennai,Primary*
429,2086,65,Female,Chennai,Primary*
429,2087,57,Female,Chennai,Primary*
429,2088,64,Male,Chennai,Primary*
429,2089,48,Female,Chennai,Primary*
429,2090,50,Male,Chennai,Primary*
429,2091,32,Male,Chennai,Primary*
429,2092,30,Female,Chennai,Primary*
429,2093,39,Female,Chennai,Primary*
429,2094,65,Male,Chennai,Primary*
429,2095,69,Female,Chennai,Contact
429,2096,50,Male,Chennai,Primary*
429,2097,54,Male,Chennai,Primary*
429,2098,26,Male,Chennai,Primary*
429,2099,49,Female,Chennai,Primary*
429,2100,51,Male,Chennai,Primary*
429,2101,21,Female,Chennai,Contact
429,2102,16,Female,Chennai,Contact
429,2103,23,Male,Chennai,Contact
429,2104,40,Male,Chennai,Contact
429,2105,48,Male,Chennai,Contact
429,2106,49,Male,Chennai,Contact
429,2107,18,Female,Chennai,Contact
429,2108,19,Male,Chennai,Contact
429,2109,11,Male,Chennai,Contact
429,2110,42,Female,Chennai,Contact
429,2111,46,Male,Chennai,Contact
429,2112,36,Male,Chennai,Contact
429,2113,42,Female,Chennai,Primary*
429,2114,24,Male,Chennai,Primary*
429,2115,21,Female,Chennai,Primary*
429,2116,29,Male,Chennai,Contact
429,2117,36,Male,Chennai,Contact
429,2118,39,Male,Chennai,Contact
429,2119,45,Male,Chennai,Primary*
429,2120,27,Male,Chennai,Contact
429,2121,28,Male,Chennai,Contact
429,2122,60,Female,Chennai,Primary*
429,2123,58,Male,Chennai,Contact
429,2124,25,Male,Chennai,Contact
429,2125,17,Male,Chennai,Contact
429,2126,30,Female,Chennai,Contact
429,2127,42,Male,Chennai,Contact
429,2128,31,Female,Chennai,Contact
429,2129,10,Male,Chennai,Contact
429,2130,12,Male,Chennai,Contact
429,2131,43,Female,Chennai,Contact
429,2132,15,Female,Chennai,Contact
429,2133,40,Female,Chennai,Contact
429,2134,15,Female,Chennai,Contact
429,2135,16,Female,Chennai,Contact
429,2136,10,Male,Chennai,Contact
429,2137,38,Female,Chennai,Contact
429,2138,20,Male,Chennai,Contact
429,2139,21,Female,Chennai,Contact
429,2140,35,Male,Chennai,Contact
429,2141,35,Male,Chennai,Contact
429,2142,37,Male,Chennai,Contact
429,2143,26,Male,Chennai,Contact
429,2144,21,Male,Chennai,Contact
429,2145,31,Female,Chennai,Primary*
429,2146,28,Female,Chennai,Contact
429,2147,36,Female,Chennai,Primary*
429,2148,26,Male,Chennai,Contact
429,2149,14,Male,Chennai,Contact
429,2150,58,Female,Chennai,Primary*
429,2151,18,Male,Chennai,Contact
429,2152,45,Male,Chennai,Primary*
429,2153,31,Male,Chennai,Primary*
429,2154,60,Male,Chennai,Primary*
429,2155,21,Male,Chennai,Contact
429,2156,31,Female,Chennai,Contact
430,2169,53,Male,Chennai,Primary*
430,2170,28,Male,Chennai,Primary*
430,2171,42,Male,Chennai,Contact
430,2172,32,Female,Chennai,Contact
430,2173,46,Male,Chennai,Primary*
430,2174,2M,Female,Chennai,Contact
430,2175,27,Female,Chennai,Contact
430,2176,8,Female,Chennai,Contact
430,2177,39,Female,Chennai,Contact
430,2178,20,Male,Chennai,Contact
430,2179,37,Male,Chennai,Primary*
430,2180,35,Male,Chennai,Contact
430,2181,22,Female,Chennai,Contact
430,2182,15,Female,Chennai,Contact
430,2183,11,Female,Chennai,Contact
430,2184,38,Female,Chennai,Contact
430,2185,13,Male,Chennai,Contact
430,2186,52,Male,Chennai,Primary*
430,2187,58,Male,Chennai,Primary*
430,2188,35,Female,Chennai,Contact
430,2189,65,Female,Chennai,Contact
430,2190,33,Male,Chennai,Contact
430,2191,26,Male,Chennai,Primary*
430,2192,45,Female,Chennai,Contact
430,2193,19,Female,Chennai,Contact
430,2194,43,Female,Chennai,Contact
430,2195,21,Female,Chennai,Contact
430,2196,81,Male,Chennai,Contact
430,2197,35,Male,Chennai,Contact
430,2198,25,Male,Chennai,Contact
430,2199,20,Female,Chennai,Primary*
430,2200,7,Female,Chennai,Primary*
430,2201,29,Female,Chennai,Primary*
430,2202,20,Female,Chennai,Contact
430,2203,32,Female,Chennai,Contact
430,2204,45,Female,Chennai,Contact
430,2205,32,Female,Chennai,Contact
430,2206,30,Male,Chennai,Contact
430,2207,44,Male,Chennai,Contact
430,2208,21,Female,Chennai,Contact
430,2209,32,Male,Chennai,Contact
430,2210,60,Male,Chennai,Primary*
430,2211,40,Male,Chennai,Contact
430,2212,32,Male,Chennai,Contact
430,2213,21,Female,Chennai,Primary*
430,2214,20,Male,Chennai,Primary*
430,2215,35,Male,Chennai,Contact
430,2216,38,Female,Chennai,Contact
430,2217,42,Male,Chennai,Contact
430,2218,11,Female,Chennai,Contact
430,2219,10,Female,Chennai,Contact
430,2220,13,Female,Chennai,Contact
430,2221,43,Male,Chennai,Contact
430,2222,3,Male,Chennai,Contact
430,2223,43,Female,Chennai,Contact
430,2224,45,Male,Chennai,Contact
430,2225,16,Male,Chennai,Contact
430,2226,11,Female,Chennai,Contact
430,2227,17,Male,Chennai,Primary*
430,2228,7,Male,Chennai,Contact
430,2229,25,Female,Chennai,Primary*
430,2230,28,Female,Chennai,Primary*
430,2231,28,Female,Chennai,Primary*
430,2232,34,Female,Chennai,Contact
430,2233,47,Female,Chennai,Contact
430,2234,30,Male,Chennai,Contact
430,2235,28,Female,Chennai,Contact
430,2236,45,Female,Chennai,Contact
430,2237,45,Female,Chennai,Contact
430,2238,55,Male,Chennai,Contact
430,2239,27,Male,Chennai,Contact
430,2240,39,Male,Chennai,Primary*
430,2241,36,Female,Chennai,Primary*
430,2242,71,Male,Chennai,Primary*
430,2243,58,Male,Chennai,Primary*
430,2244,50,Male,Chennai,Primary*
430,2245,36,Male,Chennai,Primary*
430,2246,28,Male,Chennai,Contact
430,2247,27,Male,Chennai,Contact
430,2248,40,Male,Chennai,Contact
430,2249,32,Female,Chennai,Contact
430,2250,60,Male,Chennai,Primary*
430,2251,28,Female,Chennai,Contact
430,2252,50,Female,Chennai,Contact
430,2253,30,Male,Chennai,Contact
430,2254,7,Female,Chennai,Contact
430,2255,33,Male,Chennai,Primary*
430,2256,30,Male,Chennai,Contact
430,2257,27,Male,Chennai,Contact
430,2258,28,Female,Chennai,Contact
430,2259,40,Male,Chennai,Contact
430,2260,27,Male,Chennai,Primary*
430,2261,44,Male,Chennai,Contact
430,2262,17,Female,Chennai,Contact
430,2263,54,Male,Chennai,Contact
430,2264,22,Male,Chennai,Contact
430,2265,65,Female,Chennai,Contact*
430,2266,39,Male,Chennai,Primary*
430,2267,36,Male,Chennai,Primary*
430,2268,67,Female,Chennai,Contact
430,2269,40,Male,Chennai,Primary*
430,2270,32,Male,Chennai,Primary*
430,2271,39,Male,Chennai,Contact
430,2272,37,Female,Chennai,Contact
430,2273,60,Female,Chennai,Contact
430,2274,36,Male,Chennai,Contact
430,2275,42,Male,Chennai,Contact
430,2276,29,Male,Chennai,Contact
430,2277,30,Male,Chennai,Contact
430,2278,29,Male,Chennai,Primary*
430,2279,24,Male,Chennai,Contact
430,2280,38,Female,Chennai,Contact
430,2281,38,Female,Chennai,Contact
430,2282,40,Male,Chennai,Contact
430,2283,6,Female,Chennai,Contact
430,2284,38,Male,Chennai,Contact
430,2285,22,Male,Chennai,Contact
430,2286,34,Male,Chennai,Contact
430,2287,30,Female,Chennai,Contact
430,2288,70,Female,Chennai,Contact
430,2289,15,Male,Chennai,Contact
430,2290,56,Male,Chennai,Contact
430,2291,46,Female,Chennai,Contact
430,2292,20,Male,Chennai,Contact
430,2293,54,Male,Chennai,Contact
430,2294,26,Female,Chennai,Contact
430,2295,50,Male,Chennai,Contact
430,2296,40,Male,Chennai,Primary*
430,2297,71,Male,Chennai,Contact
430,2298,35,Male,Chennai,Contact
430,2299,17,Male,Chennai,Contact
430,2300,37,Male,Chennai,Primary*
430,2301,19,Male,Chennai,Contact
430,2302,38,Male,Chennai,Contact
430,2303,21,Male,Chennai,Contact
430,2304,37,Male,Chennai,Contact
430,2305,31,Male,Chennai,Contact
430,2306,41,Female,Chennai,Contact*
