323,7,A 25 year old female from Coimatore, has tested positive for COVID-19  on  22.03.2020.  She  had  travelled  from  Spain-Delhi-Bangalore- Coimbatore airport on 15.03.2020. (No. of Contacts- Primary 14) 
324,11,A  48  year  old  male  from  Tiruppur,  has  tested  positive  for COVID-19  on  23.03.2020.  He  had  travelled  from  UK  to  Coimbatore  on 15.03.2020 (No. of Contact -185) 
327,7,A  25-year-old  female  from  Coimbatore,  has  tested  positive  for COVID-19  on  22.03.2020.  She  had  travelled  from  Spain-Delhi-Bangalore- Coimbatore airport on 15.03.2020. (No. of Contacts- 26) 
327,11,A 48-year-old male from Tiruppur, has tested positive for COVID- 19  on  23.03.2020.  He  had  travelled  from  UK  to  Coimbatore  (No.  of  Contact  - 185) 
329,7,A  25-year-old  female  from  Coimbatore,  has  tested  positive for  COVID-19    on    22.03.2020.    She    had    travelled    from    Spain-Delhi- Bangalore Coimbatore airport on 15.03.2020. (No. of Contacts- 26) 
329,11,A  48-year-old  male  from  Tiruppur,  has  tested  positive  for COVID-19  on  23.03.2020.  He  had  travelled  from  UK  to  Coimbatore  (No. of  Contact  -   185) 
329,43,29 year old (contact of case no. 26) female from Coimbatore admitted in ESI, Coimbatore reported positive.  
329,44,58 year old (contact of case no. 43) female from Coimbatore admitted in ESI, Coimbatore reported positive. 
329,45,10  months  old  (contact  of  case  no.  43)  male  child  from Coimbatore  admitted in ESI, Coimbatore reported positive. 
329,46,51 year old (contact of case no. 43) female from Coimbatore admitted in ESI, Coimbatore reported positive. 
330,7,25,F,Coimbatore,Indian,Spain,"ESI Coimbatore",In admission
330,11,48,M,Tirupur,Indian,UK,"ESI Coimbatore",In admission
330,43,29,F,Erode,Indian,Nil,"ESI Coimbatore",In admission
330,44,58,F,Erode,Indian,Nil,"ESI Coimbatore",In admission
330,45,1,M,Erode,Indian,Nil,"ESI Coimbatore",In admission
330,46,51,F,Erode,Indian,Nil,"ESI Coimbatore",In admission
401,149,28,M,"Annaimalai, Coimbatore",Coimbatore,Indian
401,150,40,M,"Annaimalai, Coimbatore",Coimbatore,Indian
401,151,34,M,"Pollachi, Coimbatore",Coimbatore,Indian
401,152,36,M,"Annaimalai, Coimbatore",Coimbatore,Indian
401,153,41,M,"Annaimalai, Coimbatore",Coimbatore,Indian
401,154,38,M,"Annaimalai, Coimbatore",Coimbatore,Indian
401,155,39,M,"Pollachi, Coimbatore",Coimbatore,Indian
401,156,40,M,"Mettupalayam, Coimbatore",Coimbatore,Indian
401,157,30,M,"Mettupalayam, Coimbatore",Coimbatore,Indian
401,158,45,M,"Mettupalayam, Coimbatore",Coimbatore,Indian
401,159,57,M,"Mettupalayam, Coimbatore",Coimbatore,Indian
401,160,32,M,"Mettupalayam, Coimbatore",Coimbatore,Indian
401,161,34,M,"Mettupalayam, Coimbatore",Coimbatore,Indian
401,162,45,M,"Mettupalayam, Coimbatore",Coimbatore,Indian
401,163,52,M,"Mettupalayam, Coimbatore",Coimbatore,Indian
401,164,40,M,"Mettupalayam, Coimbatore",Coimbatore,Indian
401,165,46,M,"Mettupalayam, Coimbatore",Coimbatore,Indian
401,166,37,M,"Mettupalayam, Coimbatore",Coimbatore,Indian
401,167,47,M,"Mettupalayam, Coimbatore",Coimbatore,Indian
401,168,33,M,"Mettupalayam, Coimbatore",Coimbatore,Indian
401,169,21,M,"Mettupalayam, Coimbatore",Coimbatore,Indian
401,170,44,M,"Mettupalayam, Coimbatore",Coimbatore,Indian
401,171,39,M,"Mettupalayam, Coimbatore",Coimbatore,Indian
401,172,38,M,"Mettupalayam, Coimbatore",Coimbatore,Indian
401,173,55,M,"Mettupalayam, Coimbatore",Coimbatore,Indian
401,174,31,M,"Mettupalayam, Coimbatore",Coimbatore,Indian
401,175,51,M,"Mettupalayam, Coimbatore",Coimbatore,Indian
401,176,34,M,"Pothanur, Coimbatore",Coimbatore,Indian
405,497-525,Twenty  nine  male  persons  from Coimbatore,  who  have  travel  history  to  Delhi,  reported positive. 
406,617,One Male person from Coimbatore, reported positive 
407,649,One male person from Coimbatore, reported positive. 
410,856-881,Twenty six persons (Twenty one females and Five males) from Coimbatore, reported positive. 
411,923-933,Eleven persons (Ten females and One male) from Coimbatore, reported positive. 
412,990-1011,Twenty two persons (Two primary and twenty contacts) from Coimbatore, reported positive. 
413,1087-1093,Seven persons (two primary and five contacts) from Coimbatore, reported positive. 
416,1244,One  person  (contact)    from  Coimbatore, reported positive. 
418,1331,One  person  (contact)    from  Coimbatore, reported positive. 
419,1426-1430,Five  persons  (all  contacts)  from Coimbatore, reported positive. 
421,1579,One person (contact) from Coimbatore, reported positive. 
422,1579,One person (contact) from Coimbatore, reported positive. 
424,1736,33,Female,Coimbatore,Contact
424,1737,42,Female,Coimbatore,Contact
424,1738,42,Male,Coimbatore,Contact
424,1739,20,Female,Coimbatore,Contact
424,1740,53,Male,Coimbatore,Contact
424,1741,44,Female,Coimbatore,Contact
424,1742,37,Male,Coimbatore,Contact
