401,195,46,M,"Ottanchatram, Dindigul",Dindigul,Indian
401,196,50,M,"Ottanchatram, Dindigul",Dindigul,Indian
401,197,40,M,Dindigul,Dindigul,Indian
401,198,39,M,"Ottanchatram, Dindigul",Dindigul,Indian
401,199,39,M,"Ottanchatram, Dindigul",Dindigul,Indian
401,200,39,M,"Ottanchatram, Dindigul",Dindigul,Indian
401,201,61,M,Dindigul,Dindigul,Indian
401,202,57,M,Dindigul,Dindigul,Indian
401,203,52,M,Dindigul,Dindigul,Indian
401,204,28,M,Dindigul,Dindigul,Indian
401,205,43,M,"Nilakottai, Dindigul",Dindigul,Indian
401,206,44,M,Dindigul,Dindigul,Indian
401,207,38,M,"Begampur, Dindigul",Dindigul,Indian
401,208,22,M,"Begampur, Dindigul",Dindigul,Indian
401,209,55,M,"Begampur, Dindigul",Dindigul,Indian
401,210,35,M,"Begampur, Dindigul",Dindigul,Indian
401,211,35,M,"Begampur, Dindigul",Dindigul,Indian
403,351-376,Twenty six persons from Dindigul, who have travel history to Delhi, reported positive. 
405,559-560,Two  male  persons  from  Dindigul, who have travel history to Delhi, reported positive. 
408,698,One  male  person  from  Dindigul,  reported positive. 
410,883-890,Eight persons (Five females and Three males) from Dindigul, reported positive. 
411,935,One  male  person  from  Dindigul,  reported positive. 
412,1016,One  (Contact)  person  from  Dindigul, reported positive. 
414,1180-1188,Nine persons (One Primary and Eight Contacts) from Dindigul, reported positive. 
417,1279,One  person  (contact)    from  Dindigul, reported positive. 
418,1332-1334,Three  persons  (all  contacts)  from Dindigul, reported positive. 
419,1437-1441,Five  persons  (all  contacts)  from Dindigul, reported positive. 
420,1498-1499,Two persons (Both Contacts) from Dindigul, reported positive. 
422,1614,50,Female,Dindigul,Primary*
423,1659,40,Male,Dindigul,Contact
423,1660,28,Male,Dindigul,Contact
423,1661,44,Male,Dindigul,Contact
