323,1,A  45  year  male  patient  from  Kancheepuram,  has  tested positive for COVID-19 on 07.03.2020. He had travelled from oman to Chennai airport on 28.02.2020.(No. of contacts – Primary 4). 
327,1,A 45-year male patient from Kancheepuram, has tested positive for COVID-19  on  07.03.2020.  He  had  travelled  from  Oman  to  Chennai  airport  on 28.02.2020.(No. of contacts – 40). 
329,1,A 45-year male patient from Kancheepuram, has tested positive for  COVID-19  on  07.03.2020.  He  had  travelled  from  Oman  to  Chennai airport on 28.02.2020.(No. of contacts – 40). 
401,186,66,M,"Sriperumbudur, Kancheepuram",Kancheepuram,Indian
401,187,42,M,Kancheepuram,Kancheepuram,Indonesian
403,345,One person from Kancheepuram, who have travel history to Delhi, reported positive. 
405,533,One  male  person  from  Kancheepuram,  who have travel history to Delhi, reported positive. 
406,612-613,Two male persons from Kancheepuram, who  are  contacts  of  COVID-19  Positive  patient,  reported positive. 
419,1442,One person (contact) from Kancheepuram, reported positive. 
421,1580,One person (contact) from Kancheepuram, reported positive. 
422,1580,One person (contact) from Kancheepuram, reported positive. 
422,1615,31,Male,Kancheepuram,Contact
424,1743,36,Male,Kancheepuram,Primary*
425,1800,39,Male,Kancheepuram,Contact
425,1801,26,Male,Kancheepuram,Contact
425,1802,6,Male,Kancheepuram,Contact
425,1803,9,Female,Kancheepuram,Contact
425,1804,34,Female,Kancheepuram,Contact
425,1805,61,Female,Kancheepuram,Contact
425,1806,36,Male,Kancheepuram,Contact*
428,2055,49,Male,Kancheepuram,Contact
