331,70-72,(3 Male persons), all from Villupuram, who attended the Delhi Conference isolation in Govt Villupuram Medical College Hospital, Villupuram reported positive.  
403,378-387,Ten persons from Villupuram, who have travel history to Delhi, reported positive. 
404,485,One male persons from Villupuram, who have travel history to Delhi, reported positive.
405,554-558,Five males persons from Villupuram, who have travel history to Delhi, reported positive. 
406,620,One  male  person  from  Villupuram,  who  has travel history to Delhi, reported positive. 
408,735-738,Four  persons  (Two  males  and  Two Females) from Villupuram, reported positive.
410,909-911,Three  female  persons  from  Villupuram, reported positive.
416,1243,One  person  (contact)  from  Villupuram, reported positive. 
417,1317-1318,Two  person  (both  contacts)  from Villupuram, reported positive. 
419,1469-1475,Seven  persons  (One  Primary  and  Six contacts) from Villupuram, reported positive. • 
420,1518-1520,Three persons (One Primary and Two Contacts) from Villupuram, reported positive.
421,1593-1596,Four persons (all contacts) from Villupuram, reported positive.
422,1593-1596,Four persons (all contacts) from Villupuram, reported positive.
422,1629,47,Female,Villupuram,Contact
423,1680,45,Male,Villupuram,Primary*
425,1819,79,Male,Villupuram,Primary*
426,1875,70,Female,Villupuram,Contact
426,1876,24,Female,Villupuram,Contact
426,1877,18,Male,Villupuram,Contact
426,1878,17,Female,Villupuram,Contact
